0 info it worked if it ends with ok
1 verbose cli [ 'node', '/usr/local/bin/npm', 'install' ]
2 info using npm@1.3.2
3 info using node@v0.10.13
4 verbose readDependencies using package.json deps
5 verbose install where, deps [ '/Users/matteo/Desktop/D-site/D-site',
5 verbose install   [ 'fg-loadcss',
5 verbose install     'jquery',
5 verbose install     'lazysizes',
5 verbose install     'normalize.css',
5 verbose install     'picturefill',
5 verbose install     'velocity-animate',
5 verbose install     'babel-core',
5 verbose install     'babel-preset-es2015',
5 verbose install     'babelify',
5 verbose install     'browser-sync',
5 verbose install     'browserify',
5 verbose install     'critical',
5 verbose install     'eslint',
5 verbose install     'eslint-config-jquery',
5 verbose install     'eslint-plugin-dollar-sign',
5 verbose install     'eslint-plugin-jquery',
5 verbose install     'gulp',
5 verbose install     'gulp-autoprefixer',
5 verbose install     'gulp-clean',
5 verbose install     'gulp-gh-pages',
5 verbose install     'gulp-htmlmin',
5 verbose install     'gulp-imagemin',
5 verbose install     'gulp-load-plugins',
5 verbose install     'gulp-notify',
5 verbose install     'gulp-rename',
5 verbose install     'gulp-responsive',
5 verbose install     'gulp-sass',
5 verbose install     'gulp-size',
5 verbose install     'gulp-sourcemaps',
5 verbose install     'gulp-uglify',
5 verbose install     'sw-precache',
5 verbose install     'vinyl-buffer',
5 verbose install     'vinyl-source-stream' ] ]
6 info preinstall sleek@1.0.0
7 verbose readDependencies using package.json deps
8 verbose cache add [ 'lazysizes@^4.0.1', null ]
9 verbose cache add name=undefined spec="lazysizes@^4.0.1" args=["lazysizes@^4.0.1",null]
10 verbose parsed url { protocol: null,
10 verbose parsed url   slashes: null,
10 verbose parsed url   auth: null,
10 verbose parsed url   host: null,
10 verbose parsed url   port: null,
10 verbose parsed url   hostname: null,
10 verbose parsed url   hash: null,
10 verbose parsed url   search: null,
10 verbose parsed url   query: null,
10 verbose parsed url   pathname: 'lazysizes@^4.0.1',
10 verbose parsed url   path: 'lazysizes@^4.0.1',
10 verbose parsed url   href: 'lazysizes@^4.0.1' }
11 verbose cache add name="lazysizes" spec="^4.0.1" args=["lazysizes","^4.0.1"]
12 verbose parsed url { protocol: null,
12 verbose parsed url   slashes: null,
12 verbose parsed url   auth: null,
12 verbose parsed url   host: null,
12 verbose parsed url   port: null,
12 verbose parsed url   hostname: null,
12 verbose parsed url   hash: null,
12 verbose parsed url   search: null,
12 verbose parsed url   query: null,
12 verbose parsed url   pathname: '^4.0.1',
12 verbose parsed url   path: '^4.0.1',
12 verbose parsed url   href: '^4.0.1' }
13 verbose addNamed [ 'lazysizes', '^4.0.1' ]
14 verbose addNamed [ null, null ]
15 verbose cache add [ 'normalize.css@^7.0.0', null ]
16 verbose cache add name=undefined spec="normalize.css@^7.0.0" args=["normalize.css@^7.0.0",null]
17 verbose parsed url { protocol: null,
17 verbose parsed url   slashes: null,
17 verbose parsed url   auth: null,
17 verbose parsed url   host: null,
17 verbose parsed url   port: null,
17 verbose parsed url   hostname: null,
17 verbose parsed url   hash: null,
17 verbose parsed url   search: null,
17 verbose parsed url   query: null,
17 verbose parsed url   pathname: 'normalize.css@^7.0.0',
17 verbose parsed url   path: 'normalize.css@^7.0.0',
17 verbose parsed url   href: 'normalize.css@^7.0.0' }
18 verbose cache add name="normalize.css" spec="^7.0.0" args=["normalize.css","^7.0.0"]
19 verbose parsed url { protocol: null,
19 verbose parsed url   slashes: null,
19 verbose parsed url   auth: null,
19 verbose parsed url   host: null,
19 verbose parsed url   port: null,
19 verbose parsed url   hostname: null,
19 verbose parsed url   hash: null,
19 verbose parsed url   search: null,
19 verbose parsed url   query: null,
19 verbose parsed url   pathname: '^7.0.0',
19 verbose parsed url   path: '^7.0.0',
19 verbose parsed url   href: '^7.0.0' }
20 verbose addNamed [ 'normalize.css', '^7.0.0' ]
21 verbose addNamed [ null, null ]
22 silly lockFile 5ac2c560-lazysizes-4-0-1 lazysizes@^4.0.1
23 verbose lock lazysizes@^4.0.1 /Users/matteo/.npm/5ac2c560-lazysizes-4-0-1.lock
24 verbose cache add [ 'picturefill@^3.0.2', null ]
25 verbose cache add name=undefined spec="picturefill@^3.0.2" args=["picturefill@^3.0.2",null]
26 verbose parsed url { protocol: null,
26 verbose parsed url   slashes: null,
26 verbose parsed url   auth: null,
26 verbose parsed url   host: null,
26 verbose parsed url   port: null,
26 verbose parsed url   hostname: null,
26 verbose parsed url   hash: null,
26 verbose parsed url   search: null,
26 verbose parsed url   query: null,
26 verbose parsed url   pathname: 'picturefill@^3.0.2',
26 verbose parsed url   path: 'picturefill@^3.0.2',
26 verbose parsed url   href: 'picturefill@^3.0.2' }
27 verbose cache add name="picturefill" spec="^3.0.2" args=["picturefill","^3.0.2"]
28 verbose parsed url { protocol: null,
28 verbose parsed url   slashes: null,
28 verbose parsed url   auth: null,
28 verbose parsed url   host: null,
28 verbose parsed url   port: null,
28 verbose parsed url   hostname: null,
28 verbose parsed url   hash: null,
28 verbose parsed url   search: null,
28 verbose parsed url   query: null,
28 verbose parsed url   pathname: '^3.0.2',
28 verbose parsed url   path: '^3.0.2',
28 verbose parsed url   href: '^3.0.2' }
29 verbose addNamed [ 'picturefill', '^3.0.2' ]
30 verbose addNamed [ null, null ]
31 silly lockFile 38863ab1-picturefill-3-0-2 picturefill@^3.0.2
32 verbose lock picturefill@^3.0.2 /Users/matteo/.npm/38863ab1-picturefill-3-0-2.lock
33 silly lockFile 24735a62-normalize-css-7-0-0 normalize.css@^7.0.0
34 verbose lock normalize.css@^7.0.0 /Users/matteo/.npm/24735a62-normalize-css-7-0-0.lock
35 silly addNameRange { name: 'lazysizes', range: '*', hasData: false }
36 verbose cache add [ 'velocity-animate@^1.5.0', null ]
37 verbose cache add name=undefined spec="velocity-animate@^1.5.0" args=["velocity-animate@^1.5.0",null]
38 verbose parsed url { protocol: null,
38 verbose parsed url   slashes: null,
38 verbose parsed url   auth: null,
38 verbose parsed url   host: null,
38 verbose parsed url   port: null,
38 verbose parsed url   hostname: null,
38 verbose parsed url   hash: null,
38 verbose parsed url   search: null,
38 verbose parsed url   query: null,
38 verbose parsed url   pathname: 'velocity-animate@^1.5.0',
38 verbose parsed url   path: 'velocity-animate@^1.5.0',
38 verbose parsed url   href: 'velocity-animate@^1.5.0' }
39 verbose cache add name="velocity-animate" spec="^1.5.0" args=["velocity-animate","^1.5.0"]
40 verbose parsed url { protocol: null,
40 verbose parsed url   slashes: null,
40 verbose parsed url   auth: null,
40 verbose parsed url   host: null,
40 verbose parsed url   port: null,
40 verbose parsed url   hostname: null,
40 verbose parsed url   hash: null,
40 verbose parsed url   search: null,
40 verbose parsed url   query: null,
40 verbose parsed url   pathname: '^1.5.0',
40 verbose parsed url   path: '^1.5.0',
40 verbose parsed url   href: '^1.5.0' }
41 verbose addNamed [ 'velocity-animate', '^1.5.0' ]
42 verbose addNamed [ null, null ]
43 silly lockFile 924e8544-velocity-animate-1-5-0 velocity-animate@^1.5.0
44 verbose lock velocity-animate@^1.5.0 /Users/matteo/.npm/924e8544-velocity-animate-1-5-0.lock
45 verbose cache add [ 'babel-core@^6.26.0', null ]
46 verbose cache add name=undefined spec="babel-core@^6.26.0" args=["babel-core@^6.26.0",null]
47 verbose parsed url { protocol: null,
47 verbose parsed url   slashes: null,
47 verbose parsed url   auth: null,
47 verbose parsed url   host: null,
47 verbose parsed url   port: null,
47 verbose parsed url   hostname: null,
47 verbose parsed url   hash: null,
47 verbose parsed url   search: null,
47 verbose parsed url   query: null,
47 verbose parsed url   pathname: 'babel-core@^6.26.0',
47 verbose parsed url   path: 'babel-core@^6.26.0',
47 verbose parsed url   href: 'babel-core@^6.26.0' }
48 verbose cache add name="babel-core" spec="^6.26.0" args=["babel-core","^6.26.0"]
49 verbose parsed url { protocol: null,
49 verbose parsed url   slashes: null,
49 verbose parsed url   auth: null,
49 verbose parsed url   host: null,
49 verbose parsed url   port: null,
49 verbose parsed url   hostname: null,
49 verbose parsed url   hash: null,
49 verbose parsed url   search: null,
49 verbose parsed url   query: null,
49 verbose parsed url   pathname: '^6.26.0',
49 verbose parsed url   path: '^6.26.0',
49 verbose parsed url   href: '^6.26.0' }
50 verbose addNamed [ 'babel-core', '^6.26.0' ]
51 verbose addNamed [ null, null ]
52 silly lockFile 538dc80e-babel-core-6-26-0 babel-core@^6.26.0
53 verbose lock babel-core@^6.26.0 /Users/matteo/.npm/538dc80e-babel-core-6-26-0.lock
54 silly addNameRange { name: 'picturefill', range: '*', hasData: false }
55 silly addNameRange { name: 'normalize.css', range: '*', hasData: false }
56 verbose url raw lazysizes
57 verbose url resolving [ 'https://registry.npmjs.org/', './lazysizes' ]
58 verbose url resolved https://registry.npmjs.org/lazysizes
59 info trying registry request attempt 1 at 02:28:19
60 http GET https://registry.npmjs.org/lazysizes
61 silly addNameRange { name: 'velocity-animate', range: '*', hasData: false }
62 verbose cache add [ 'browser-sync@^2.18.13', null ]
63 verbose cache add name=undefined spec="browser-sync@^2.18.13" args=["browser-sync@^2.18.13",null]
64 verbose parsed url { protocol: null,
64 verbose parsed url   slashes: null,
64 verbose parsed url   auth: null,
64 verbose parsed url   host: null,
64 verbose parsed url   port: null,
64 verbose parsed url   hostname: null,
64 verbose parsed url   hash: null,
64 verbose parsed url   search: null,
64 verbose parsed url   query: null,
64 verbose parsed url   pathname: 'browser-sync@^2.18.13',
64 verbose parsed url   path: 'browser-sync@^2.18.13',
64 verbose parsed url   href: 'browser-sync@^2.18.13' }
65 verbose cache add name="browser-sync" spec="^2.18.13" args=["browser-sync","^2.18.13"]
66 verbose parsed url { protocol: null,
66 verbose parsed url   slashes: null,
66 verbose parsed url   auth: null,
66 verbose parsed url   host: null,
66 verbose parsed url   port: null,
66 verbose parsed url   hostname: null,
66 verbose parsed url   hash: null,
66 verbose parsed url   search: null,
66 verbose parsed url   query: null,
66 verbose parsed url   pathname: '^2.18.13',
66 verbose parsed url   path: '^2.18.13',
66 verbose parsed url   href: '^2.18.13' }
67 verbose addNamed [ 'browser-sync', '^2.18.13' ]
68 verbose addNamed [ null, null ]
69 silly lockFile faeb25bf-browser-sync-2-18-13 browser-sync@^2.18.13
70 verbose lock browser-sync@^2.18.13 /Users/matteo/.npm/faeb25bf-browser-sync-2-18-13.lock
71 verbose cache add [ 'babel-preset-es2015@^6.24.1', null ]
72 verbose cache add name=undefined spec="babel-preset-es2015@^6.24.1" args=["babel-preset-es2015@^6.24.1",null]
73 verbose parsed url { protocol: null,
73 verbose parsed url   slashes: null,
73 verbose parsed url   auth: null,
73 verbose parsed url   host: null,
73 verbose parsed url   port: null,
73 verbose parsed url   hostname: null,
73 verbose parsed url   hash: null,
73 verbose parsed url   search: null,
73 verbose parsed url   query: null,
73 verbose parsed url   pathname: 'babel-preset-es2015@^6.24.1',
73 verbose parsed url   path: 'babel-preset-es2015@^6.24.1',
73 verbose parsed url   href: 'babel-preset-es2015@^6.24.1' }
74 verbose cache add name="babel-preset-es2015" spec="^6.24.1" args=["babel-preset-es2015","^6.24.1"]
75 verbose parsed url { protocol: null,
75 verbose parsed url   slashes: null,
75 verbose parsed url   auth: null,
75 verbose parsed url   host: null,
75 verbose parsed url   port: null,
75 verbose parsed url   hostname: null,
75 verbose parsed url   hash: null,
75 verbose parsed url   search: null,
75 verbose parsed url   query: null,
75 verbose parsed url   pathname: '^6.24.1',
75 verbose parsed url   path: '^6.24.1',
75 verbose parsed url   href: '^6.24.1' }
76 verbose addNamed [ 'babel-preset-es2015', '^6.24.1' ]
77 verbose addNamed [ null, null ]
78 silly lockFile 0fb11273-babel-preset-es2015-6-24-1 babel-preset-es2015@^6.24.1
79 verbose lock babel-preset-es2015@^6.24.1 /Users/matteo/.npm/0fb11273-babel-preset-es2015-6-24-1.lock
80 verbose cache add [ 'babelify@^8.0.0', null ]
81 verbose cache add name=undefined spec="babelify@^8.0.0" args=["babelify@^8.0.0",null]
82 verbose parsed url { protocol: null,
82 verbose parsed url   slashes: null,
82 verbose parsed url   auth: null,
82 verbose parsed url   host: null,
82 verbose parsed url   port: null,
82 verbose parsed url   hostname: null,
82 verbose parsed url   hash: null,
82 verbose parsed url   search: null,
82 verbose parsed url   query: null,
82 verbose parsed url   pathname: 'babelify@^8.0.0',
82 verbose parsed url   path: 'babelify@^8.0.0',
82 verbose parsed url   href: 'babelify@^8.0.0' }
83 verbose cache add name="babelify" spec="^8.0.0" args=["babelify","^8.0.0"]
84 verbose parsed url { protocol: null,
84 verbose parsed url   slashes: null,
84 verbose parsed url   auth: null,
84 verbose parsed url   host: null,
84 verbose parsed url   port: null,
84 verbose parsed url   hostname: null,
84 verbose parsed url   hash: null,
84 verbose parsed url   search: null,
84 verbose parsed url   query: null,
84 verbose parsed url   pathname: '^8.0.0',
84 verbose parsed url   path: '^8.0.0',
84 verbose parsed url   href: '^8.0.0' }
85 verbose addNamed [ 'babelify', '^8.0.0' ]
86 verbose addNamed [ null, null ]
87 silly lockFile f4ad269e-babelify-8-0-0 babelify@^8.0.0
88 verbose lock babelify@^8.0.0 /Users/matteo/.npm/f4ad269e-babelify-8-0-0.lock
89 verbose cache add [ 'browserify@^15.2.0', null ]
90 verbose cache add name=undefined spec="browserify@^15.2.0" args=["browserify@^15.2.0",null]
91 verbose parsed url { protocol: null,
91 verbose parsed url   slashes: null,
91 verbose parsed url   auth: null,
91 verbose parsed url   host: null,
91 verbose parsed url   port: null,
91 verbose parsed url   hostname: null,
91 verbose parsed url   hash: null,
91 verbose parsed url   search: null,
91 verbose parsed url   query: null,
91 verbose parsed url   pathname: 'browserify@^15.2.0',
91 verbose parsed url   path: 'browserify@^15.2.0',
91 verbose parsed url   href: 'browserify@^15.2.0' }
92 verbose cache add name="browserify" spec="^15.2.0" args=["browserify","^15.2.0"]
93 verbose parsed url { protocol: null,
93 verbose parsed url   slashes: null,
93 verbose parsed url   auth: null,
93 verbose parsed url   host: null,
93 verbose parsed url   port: null,
93 verbose parsed url   hostname: null,
93 verbose parsed url   hash: null,
93 verbose parsed url   search: null,
93 verbose parsed url   query: null,
93 verbose parsed url   pathname: '^15.2.0',
93 verbose parsed url   path: '^15.2.0',
93 verbose parsed url   href: '^15.2.0' }
94 verbose addNamed [ 'browserify', '^15.2.0' ]
95 verbose addNamed [ null, null ]
96 silly lockFile e2257202-browserify-15-2-0 browserify@^15.2.0
97 verbose lock browserify@^15.2.0 /Users/matteo/.npm/e2257202-browserify-15-2-0.lock
98 verbose cache add [ 'critical@^1.0.0', null ]
99 verbose cache add name=undefined spec="critical@^1.0.0" args=["critical@^1.0.0",null]
100 verbose parsed url { protocol: null,
100 verbose parsed url   slashes: null,
100 verbose parsed url   auth: null,
100 verbose parsed url   host: null,
100 verbose parsed url   port: null,
100 verbose parsed url   hostname: null,
100 verbose parsed url   hash: null,
100 verbose parsed url   search: null,
100 verbose parsed url   query: null,
100 verbose parsed url   pathname: 'critical@^1.0.0',
100 verbose parsed url   path: 'critical@^1.0.0',
100 verbose parsed url   href: 'critical@^1.0.0' }
101 verbose cache add name="critical" spec="^1.0.0" args=["critical","^1.0.0"]
102 verbose parsed url { protocol: null,
102 verbose parsed url   slashes: null,
102 verbose parsed url   auth: null,
102 verbose parsed url   host: null,
102 verbose parsed url   port: null,
102 verbose parsed url   hostname: null,
102 verbose parsed url   hash: null,
102 verbose parsed url   search: null,
102 verbose parsed url   query: null,
102 verbose parsed url   pathname: '^1.0.0',
102 verbose parsed url   path: '^1.0.0',
102 verbose parsed url   href: '^1.0.0' }
103 verbose addNamed [ 'critical', '^1.0.0' ]
104 verbose addNamed [ null, null ]
105 silly lockFile 29fad062-critical-1-0-0 critical@^1.0.0
106 verbose lock critical@^1.0.0 /Users/matteo/.npm/29fad062-critical-1-0-0.lock
107 verbose cache add [ 'eslint@^4.15.0', null ]
108 verbose cache add name=undefined spec="eslint@^4.15.0" args=["eslint@^4.15.0",null]
109 verbose parsed url { protocol: null,
109 verbose parsed url   slashes: null,
109 verbose parsed url   auth: null,
109 verbose parsed url   host: null,
109 verbose parsed url   port: null,
109 verbose parsed url   hostname: null,
109 verbose parsed url   hash: null,
109 verbose parsed url   search: null,
109 verbose parsed url   query: null,
109 verbose parsed url   pathname: 'eslint@^4.15.0',
109 verbose parsed url   path: 'eslint@^4.15.0',
109 verbose parsed url   href: 'eslint@^4.15.0' }
110 verbose cache add name="eslint" spec="^4.15.0" args=["eslint","^4.15.0"]
111 verbose parsed url { protocol: null,
111 verbose parsed url   slashes: null,
111 verbose parsed url   auth: null,
111 verbose parsed url   host: null,
111 verbose parsed url   port: null,
111 verbose parsed url   hostname: null,
111 verbose parsed url   hash: null,
111 verbose parsed url   search: null,
111 verbose parsed url   query: null,
111 verbose parsed url   pathname: '^4.15.0',
111 verbose parsed url   path: '^4.15.0',
111 verbose parsed url   href: '^4.15.0' }
112 verbose addNamed [ 'eslint', '^4.15.0' ]
113 verbose addNamed [ null, null ]
114 silly lockFile 8dfb479f-eslint-4-15-0 eslint@^4.15.0
115 verbose lock eslint@^4.15.0 /Users/matteo/.npm/8dfb479f-eslint-4-15-0.lock
116 verbose cache add [ 'eslint-config-jquery@^1.0.1', null ]
117 verbose cache add name=undefined spec="eslint-config-jquery@^1.0.1" args=["eslint-config-jquery@^1.0.1",null]
118 verbose parsed url { protocol: null,
118 verbose parsed url   slashes: null,
118 verbose parsed url   auth: null,
118 verbose parsed url   host: null,
118 verbose parsed url   port: null,
118 verbose parsed url   hostname: null,
118 verbose parsed url   hash: null,
118 verbose parsed url   search: null,
118 verbose parsed url   query: null,
118 verbose parsed url   pathname: 'eslint-config-jquery@^1.0.1',
118 verbose parsed url   path: 'eslint-config-jquery@^1.0.1',
118 verbose parsed url   href: 'eslint-config-jquery@^1.0.1' }
119 verbose cache add name="eslint-config-jquery" spec="^1.0.1" args=["eslint-config-jquery","^1.0.1"]
120 verbose parsed url { protocol: null,
120 verbose parsed url   slashes: null,
120 verbose parsed url   auth: null,
120 verbose parsed url   host: null,
120 verbose parsed url   port: null,
120 verbose parsed url   hostname: null,
120 verbose parsed url   hash: null,
120 verbose parsed url   search: null,
120 verbose parsed url   query: null,
120 verbose parsed url   pathname: '^1.0.1',
120 verbose parsed url   path: '^1.0.1',
120 verbose parsed url   href: '^1.0.1' }
121 verbose addNamed [ 'eslint-config-jquery', '^1.0.1' ]
122 verbose addNamed [ null, null ]
123 silly lockFile d26087d8-eslint-config-jquery-1-0-1 eslint-config-jquery@^1.0.1
124 verbose lock eslint-config-jquery@^1.0.1 /Users/matteo/.npm/d26087d8-eslint-config-jquery-1-0-1.lock
125 verbose cache add [ 'eslint-plugin-dollar-sign@^1.0.1', null ]
126 verbose cache add name=undefined spec="eslint-plugin-dollar-sign@^1.0.1" args=["eslint-plugin-dollar-sign@^1.0.1",null]
127 verbose parsed url { protocol: null,
127 verbose parsed url   slashes: null,
127 verbose parsed url   auth: null,
127 verbose parsed url   host: null,
127 verbose parsed url   port: null,
127 verbose parsed url   hostname: null,
127 verbose parsed url   hash: null,
127 verbose parsed url   search: null,
127 verbose parsed url   query: null,
127 verbose parsed url   pathname: 'eslint-plugin-dollar-sign@^1.0.1',
127 verbose parsed url   path: 'eslint-plugin-dollar-sign@^1.0.1',
127 verbose parsed url   href: 'eslint-plugin-dollar-sign@^1.0.1' }
128 verbose cache add name="eslint-plugin-dollar-sign" spec="^1.0.1" args=["eslint-plugin-dollar-sign","^1.0.1"]
129 verbose parsed url { protocol: null,
129 verbose parsed url   slashes: null,
129 verbose parsed url   auth: null,
129 verbose parsed url   host: null,
129 verbose parsed url   port: null,
129 verbose parsed url   hostname: null,
129 verbose parsed url   hash: null,
129 verbose parsed url   search: null,
129 verbose parsed url   query: null,
129 verbose parsed url   pathname: '^1.0.1',
129 verbose parsed url   path: '^1.0.1',
129 verbose parsed url   href: '^1.0.1' }
130 verbose addNamed [ 'eslint-plugin-dollar-sign', '^1.0.1' ]
131 verbose addNamed [ null, null ]
132 silly lockFile bc2e7a7e-eslint-plugin-dollar-sign-1-0-1 eslint-plugin-dollar-sign@^1.0.1
133 verbose lock eslint-plugin-dollar-sign@^1.0.1 /Users/matteo/.npm/bc2e7a7e-eslint-plugin-dollar-sign-1-0-1.lock
134 verbose cache add [ 'eslint-plugin-jquery@^1.3.0', null ]
135 verbose cache add name=undefined spec="eslint-plugin-jquery@^1.3.0" args=["eslint-plugin-jquery@^1.3.0",null]
136 verbose parsed url { protocol: null,
136 verbose parsed url   slashes: null,
136 verbose parsed url   auth: null,
136 verbose parsed url   host: null,
136 verbose parsed url   port: null,
136 verbose parsed url   hostname: null,
136 verbose parsed url   hash: null,
136 verbose parsed url   search: null,
136 verbose parsed url   query: null,
136 verbose parsed url   pathname: 'eslint-plugin-jquery@^1.3.0',
136 verbose parsed url   path: 'eslint-plugin-jquery@^1.3.0',
136 verbose parsed url   href: 'eslint-plugin-jquery@^1.3.0' }
137 verbose cache add name="eslint-plugin-jquery" spec="^1.3.0" args=["eslint-plugin-jquery","^1.3.0"]
138 verbose parsed url { protocol: null,
138 verbose parsed url   slashes: null,
138 verbose parsed url   auth: null,
138 verbose parsed url   host: null,
138 verbose parsed url   port: null,
138 verbose parsed url   hostname: null,
138 verbose parsed url   hash: null,
138 verbose parsed url   search: null,
138 verbose parsed url   query: null,
138 verbose parsed url   pathname: '^1.3.0',
138 verbose parsed url   path: '^1.3.0',
138 verbose parsed url   href: '^1.3.0' }
139 verbose addNamed [ 'eslint-plugin-jquery', '^1.3.0' ]
140 verbose addNamed [ null, null ]
141 silly lockFile a7424afb-eslint-plugin-jquery-1-3-0 eslint-plugin-jquery@^1.3.0
142 verbose lock eslint-plugin-jquery@^1.3.0 /Users/matteo/.npm/a7424afb-eslint-plugin-jquery-1-3-0.lock
143 verbose cache add [ 'gulp@^3.9.1', null ]
144 verbose cache add name=undefined spec="gulp@^3.9.1" args=["gulp@^3.9.1",null]
145 verbose parsed url { protocol: null,
145 verbose parsed url   slashes: null,
145 verbose parsed url   auth: null,
145 verbose parsed url   host: null,
145 verbose parsed url   port: null,
145 verbose parsed url   hostname: null,
145 verbose parsed url   hash: null,
145 verbose parsed url   search: null,
145 verbose parsed url   query: null,
145 verbose parsed url   pathname: 'gulp@^3.9.1',
145 verbose parsed url   path: 'gulp@^3.9.1',
145 verbose parsed url   href: 'gulp@^3.9.1' }
146 verbose cache add name="gulp" spec="^3.9.1" args=["gulp","^3.9.1"]
147 verbose parsed url { protocol: null,
147 verbose parsed url   slashes: null,
147 verbose parsed url   auth: null,
147 verbose parsed url   host: null,
147 verbose parsed url   port: null,
147 verbose parsed url   hostname: null,
147 verbose parsed url   hash: null,
147 verbose parsed url   search: null,
147 verbose parsed url   query: null,
147 verbose parsed url   pathname: '^3.9.1',
147 verbose parsed url   path: '^3.9.1',
147 verbose parsed url   href: '^3.9.1' }
148 verbose addNamed [ 'gulp', '^3.9.1' ]
149 verbose addNamed [ null, null ]
150 silly lockFile e5c114fc-gulp-3-9-1 gulp@^3.9.1
151 verbose lock gulp@^3.9.1 /Users/matteo/.npm/e5c114fc-gulp-3-9-1.lock
152 verbose cache add [ 'gulp-autoprefixer@^4.0.0', null ]
153 verbose cache add name=undefined spec="gulp-autoprefixer@^4.0.0" args=["gulp-autoprefixer@^4.0.0",null]
154 verbose parsed url { protocol: null,
154 verbose parsed url   slashes: null,
154 verbose parsed url   auth: null,
154 verbose parsed url   host: null,
154 verbose parsed url   port: null,
154 verbose parsed url   hostname: null,
154 verbose parsed url   hash: null,
154 verbose parsed url   search: null,
154 verbose parsed url   query: null,
154 verbose parsed url   pathname: 'gulp-autoprefixer@^4.0.0',
154 verbose parsed url   path: 'gulp-autoprefixer@^4.0.0',
154 verbose parsed url   href: 'gulp-autoprefixer@^4.0.0' }
155 verbose cache add name="gulp-autoprefixer" spec="^4.0.0" args=["gulp-autoprefixer","^4.0.0"]
156 verbose parsed url { protocol: null,
156 verbose parsed url   slashes: null,
156 verbose parsed url   auth: null,
156 verbose parsed url   host: null,
156 verbose parsed url   port: null,
156 verbose parsed url   hostname: null,
156 verbose parsed url   hash: null,
156 verbose parsed url   search: null,
156 verbose parsed url   query: null,
156 verbose parsed url   pathname: '^4.0.0',
156 verbose parsed url   path: '^4.0.0',
156 verbose parsed url   href: '^4.0.0' }
157 verbose addNamed [ 'gulp-autoprefixer', '^4.0.0' ]
158 verbose addNamed [ null, null ]
159 silly lockFile 601ec720-gulp-autoprefixer-4-0-0 gulp-autoprefixer@^4.0.0
160 verbose lock gulp-autoprefixer@^4.0.0 /Users/matteo/.npm/601ec720-gulp-autoprefixer-4-0-0.lock
161 verbose cache add [ 'gulp-clean@^0.4.0', null ]
162 verbose cache add name=undefined spec="gulp-clean@^0.4.0" args=["gulp-clean@^0.4.0",null]
163 verbose parsed url { protocol: null,
163 verbose parsed url   slashes: null,
163 verbose parsed url   auth: null,
163 verbose parsed url   host: null,
163 verbose parsed url   port: null,
163 verbose parsed url   hostname: null,
163 verbose parsed url   hash: null,
163 verbose parsed url   search: null,
163 verbose parsed url   query: null,
163 verbose parsed url   pathname: 'gulp-clean@^0.4.0',
163 verbose parsed url   path: 'gulp-clean@^0.4.0',
163 verbose parsed url   href: 'gulp-clean@^0.4.0' }
164 verbose cache add name="gulp-clean" spec="^0.4.0" args=["gulp-clean","^0.4.0"]
165 verbose parsed url { protocol: null,
165 verbose parsed url   slashes: null,
165 verbose parsed url   auth: null,
165 verbose parsed url   host: null,
165 verbose parsed url   port: null,
165 verbose parsed url   hostname: null,
165 verbose parsed url   hash: null,
165 verbose parsed url   search: null,
165 verbose parsed url   query: null,
165 verbose parsed url   pathname: '^0.4.0',
165 verbose parsed url   path: '^0.4.0',
165 verbose parsed url   href: '^0.4.0' }
166 verbose addNamed [ 'gulp-clean', '^0.4.0' ]
167 verbose addNamed [ null, null ]
168 silly lockFile a97679d3-gulp-clean-0-4-0 gulp-clean@^0.4.0
169 verbose lock gulp-clean@^0.4.0 /Users/matteo/.npm/a97679d3-gulp-clean-0-4-0.lock
170 verbose cache add [ 'gulp-gh-pages@^0.5.4', null ]
171 verbose cache add name=undefined spec="gulp-gh-pages@^0.5.4" args=["gulp-gh-pages@^0.5.4",null]
172 verbose parsed url { protocol: null,
172 verbose parsed url   slashes: null,
172 verbose parsed url   auth: null,
172 verbose parsed url   host: null,
172 verbose parsed url   port: null,
172 verbose parsed url   hostname: null,
172 verbose parsed url   hash: null,
172 verbose parsed url   search: null,
172 verbose parsed url   query: null,
172 verbose parsed url   pathname: 'gulp-gh-pages@^0.5.4',
172 verbose parsed url   path: 'gulp-gh-pages@^0.5.4',
172 verbose parsed url   href: 'gulp-gh-pages@^0.5.4' }
173 verbose cache add name="gulp-gh-pages" spec="^0.5.4" args=["gulp-gh-pages","^0.5.4"]
174 verbose parsed url { protocol: null,
174 verbose parsed url   slashes: null,
174 verbose parsed url   auth: null,
174 verbose parsed url   host: null,
174 verbose parsed url   port: null,
174 verbose parsed url   hostname: null,
174 verbose parsed url   hash: null,
174 verbose parsed url   search: null,
174 verbose parsed url   query: null,
174 verbose parsed url   pathname: '^0.5.4',
174 verbose parsed url   path: '^0.5.4',
174 verbose parsed url   href: '^0.5.4' }
175 verbose addNamed [ 'gulp-gh-pages', '^0.5.4' ]
176 verbose addNamed [ null, null ]
177 silly lockFile 1b057f13-gulp-gh-pages-0-5-4 gulp-gh-pages@^0.5.4
178 verbose lock gulp-gh-pages@^0.5.4 /Users/matteo/.npm/1b057f13-gulp-gh-pages-0-5-4.lock
179 verbose cache add [ 'gulp-htmlmin@^3.0.0', null ]
180 verbose cache add name=undefined spec="gulp-htmlmin@^3.0.0" args=["gulp-htmlmin@^3.0.0",null]
181 verbose parsed url { protocol: null,
181 verbose parsed url   slashes: null,
181 verbose parsed url   auth: null,
181 verbose parsed url   host: null,
181 verbose parsed url   port: null,
181 verbose parsed url   hostname: null,
181 verbose parsed url   hash: null,
181 verbose parsed url   search: null,
181 verbose parsed url   query: null,
181 verbose parsed url   pathname: 'gulp-htmlmin@^3.0.0',
181 verbose parsed url   path: 'gulp-htmlmin@^3.0.0',
181 verbose parsed url   href: 'gulp-htmlmin@^3.0.0' }
182 verbose cache add name="gulp-htmlmin" spec="^3.0.0" args=["gulp-htmlmin","^3.0.0"]
183 verbose parsed url { protocol: null,
183 verbose parsed url   slashes: null,
183 verbose parsed url   auth: null,
183 verbose parsed url   host: null,
183 verbose parsed url   port: null,
183 verbose parsed url   hostname: null,
183 verbose parsed url   hash: null,
183 verbose parsed url   search: null,
183 verbose parsed url   query: null,
183 verbose parsed url   pathname: '^3.0.0',
183 verbose parsed url   path: '^3.0.0',
183 verbose parsed url   href: '^3.0.0' }
184 verbose addNamed [ 'gulp-htmlmin', '^3.0.0' ]
185 verbose addNamed [ null, null ]
186 silly lockFile 0f2f1bbf-gulp-htmlmin-3-0-0 gulp-htmlmin@^3.0.0
187 verbose lock gulp-htmlmin@^3.0.0 /Users/matteo/.npm/0f2f1bbf-gulp-htmlmin-3-0-0.lock
188 verbose cache add [ 'gulp-imagemin@^4.0.0', null ]
189 verbose cache add name=undefined spec="gulp-imagemin@^4.0.0" args=["gulp-imagemin@^4.0.0",null]
190 verbose parsed url { protocol: null,
190 verbose parsed url   slashes: null,
190 verbose parsed url   auth: null,
190 verbose parsed url   host: null,
190 verbose parsed url   port: null,
190 verbose parsed url   hostname: null,
190 verbose parsed url   hash: null,
190 verbose parsed url   search: null,
190 verbose parsed url   query: null,
190 verbose parsed url   pathname: 'gulp-imagemin@^4.0.0',
190 verbose parsed url   path: 'gulp-imagemin@^4.0.0',
190 verbose parsed url   href: 'gulp-imagemin@^4.0.0' }
191 verbose cache add name="gulp-imagemin" spec="^4.0.0" args=["gulp-imagemin","^4.0.0"]
192 verbose parsed url { protocol: null,
192 verbose parsed url   slashes: null,
192 verbose parsed url   auth: null,
192 verbose parsed url   host: null,
192 verbose parsed url   port: null,
192 verbose parsed url   hostname: null,
192 verbose parsed url   hash: null,
192 verbose parsed url   search: null,
192 verbose parsed url   query: null,
192 verbose parsed url   pathname: '^4.0.0',
192 verbose parsed url   path: '^4.0.0',
192 verbose parsed url   href: '^4.0.0' }
193 verbose addNamed [ 'gulp-imagemin', '^4.0.0' ]
194 verbose addNamed [ null, null ]
195 silly lockFile d20c233e-gulp-imagemin-4-0-0 gulp-imagemin@^4.0.0
196 verbose lock gulp-imagemin@^4.0.0 /Users/matteo/.npm/d20c233e-gulp-imagemin-4-0-0.lock
197 verbose cache add [ 'gulp-load-plugins@^1.5.0', null ]
198 verbose cache add name=undefined spec="gulp-load-plugins@^1.5.0" args=["gulp-load-plugins@^1.5.0",null]
199 verbose parsed url { protocol: null,
199 verbose parsed url   slashes: null,
199 verbose parsed url   auth: null,
199 verbose parsed url   host: null,
199 verbose parsed url   port: null,
199 verbose parsed url   hostname: null,
199 verbose parsed url   hash: null,
199 verbose parsed url   search: null,
199 verbose parsed url   query: null,
199 verbose parsed url   pathname: 'gulp-load-plugins@^1.5.0',
199 verbose parsed url   path: 'gulp-load-plugins@^1.5.0',
199 verbose parsed url   href: 'gulp-load-plugins@^1.5.0' }
200 verbose cache add name="gulp-load-plugins" spec="^1.5.0" args=["gulp-load-plugins","^1.5.0"]
201 verbose parsed url { protocol: null,
201 verbose parsed url   slashes: null,
201 verbose parsed url   auth: null,
201 verbose parsed url   host: null,
201 verbose parsed url   port: null,
201 verbose parsed url   hostname: null,
201 verbose parsed url   hash: null,
201 verbose parsed url   search: null,
201 verbose parsed url   query: null,
201 verbose parsed url   pathname: '^1.5.0',
201 verbose parsed url   path: '^1.5.0',
201 verbose parsed url   href: '^1.5.0' }
202 verbose addNamed [ 'gulp-load-plugins', '^1.5.0' ]
203 verbose addNamed [ null, null ]
204 silly lockFile a6ad3499-gulp-load-plugins-1-5-0 gulp-load-plugins@^1.5.0
205 verbose lock gulp-load-plugins@^1.5.0 /Users/matteo/.npm/a6ad3499-gulp-load-plugins-1-5-0.lock
206 verbose cache add [ 'gulp-notify@^3.2.0', null ]
207 verbose cache add name=undefined spec="gulp-notify@^3.2.0" args=["gulp-notify@^3.2.0",null]
208 verbose parsed url { protocol: null,
208 verbose parsed url   slashes: null,
208 verbose parsed url   auth: null,
208 verbose parsed url   host: null,
208 verbose parsed url   port: null,
208 verbose parsed url   hostname: null,
208 verbose parsed url   hash: null,
208 verbose parsed url   search: null,
208 verbose parsed url   query: null,
208 verbose parsed url   pathname: 'gulp-notify@^3.2.0',
208 verbose parsed url   path: 'gulp-notify@^3.2.0',
208 verbose parsed url   href: 'gulp-notify@^3.2.0' }
209 verbose cache add name="gulp-notify" spec="^3.2.0" args=["gulp-notify","^3.2.0"]
210 verbose parsed url { protocol: null,
210 verbose parsed url   slashes: null,
210 verbose parsed url   auth: null,
210 verbose parsed url   host: null,
210 verbose parsed url   port: null,
210 verbose parsed url   hostname: null,
210 verbose parsed url   hash: null,
210 verbose parsed url   search: null,
210 verbose parsed url   query: null,
210 verbose parsed url   pathname: '^3.2.0',
210 verbose parsed url   path: '^3.2.0',
210 verbose parsed url   href: '^3.2.0' }
211 verbose addNamed [ 'gulp-notify', '^3.2.0' ]
212 verbose addNamed [ null, null ]
213 silly lockFile 9cffc750-gulp-notify-3-2-0 gulp-notify@^3.2.0
214 verbose lock gulp-notify@^3.2.0 /Users/matteo/.npm/9cffc750-gulp-notify-3-2-0.lock
215 verbose cache add [ 'gulp-rename@^1.2.2', null ]
216 verbose cache add name=undefined spec="gulp-rename@^1.2.2" args=["gulp-rename@^1.2.2",null]
217 verbose parsed url { protocol: null,
217 verbose parsed url   slashes: null,
217 verbose parsed url   auth: null,
217 verbose parsed url   host: null,
217 verbose parsed url   port: null,
217 verbose parsed url   hostname: null,
217 verbose parsed url   hash: null,
217 verbose parsed url   search: null,
217 verbose parsed url   query: null,
217 verbose parsed url   pathname: 'gulp-rename@^1.2.2',
217 verbose parsed url   path: 'gulp-rename@^1.2.2',
217 verbose parsed url   href: 'gulp-rename@^1.2.2' }
218 verbose cache add name="gulp-rename" spec="^1.2.2" args=["gulp-rename","^1.2.2"]
219 verbose parsed url { protocol: null,
219 verbose parsed url   slashes: null,
219 verbose parsed url   auth: null,
219 verbose parsed url   host: null,
219 verbose parsed url   port: null,
219 verbose parsed url   hostname: null,
219 verbose parsed url   hash: null,
219 verbose parsed url   search: null,
219 verbose parsed url   query: null,
219 verbose parsed url   pathname: '^1.2.2',
219 verbose parsed url   path: '^1.2.2',
219 verbose parsed url   href: '^1.2.2' }
220 verbose addNamed [ 'gulp-rename', '^1.2.2' ]
221 verbose addNamed [ null, null ]
222 silly lockFile 1035ba1c-gulp-rename-1-2-2 gulp-rename@^1.2.2
223 verbose lock gulp-rename@^1.2.2 /Users/matteo/.npm/1035ba1c-gulp-rename-1-2-2.lock
224 verbose cache add [ 'gulp-responsive@^2.8.0', null ]
225 verbose cache add name=undefined spec="gulp-responsive@^2.8.0" args=["gulp-responsive@^2.8.0",null]
226 verbose parsed url { protocol: null,
226 verbose parsed url   slashes: null,
226 verbose parsed url   auth: null,
226 verbose parsed url   host: null,
226 verbose parsed url   port: null,
226 verbose parsed url   hostname: null,
226 verbose parsed url   hash: null,
226 verbose parsed url   search: null,
226 verbose parsed url   query: null,
226 verbose parsed url   pathname: 'gulp-responsive@^2.8.0',
226 verbose parsed url   path: 'gulp-responsive@^2.8.0',
226 verbose parsed url   href: 'gulp-responsive@^2.8.0' }
227 verbose cache add name="gulp-responsive" spec="^2.8.0" args=["gulp-responsive","^2.8.0"]
228 verbose parsed url { protocol: null,
228 verbose parsed url   slashes: null,
228 verbose parsed url   auth: null,
228 verbose parsed url   host: null,
228 verbose parsed url   port: null,
228 verbose parsed url   hostname: null,
228 verbose parsed url   hash: null,
228 verbose parsed url   search: null,
228 verbose parsed url   query: null,
228 verbose parsed url   pathname: '^2.8.0',
228 verbose parsed url   path: '^2.8.0',
228 verbose parsed url   href: '^2.8.0' }
229 verbose addNamed [ 'gulp-responsive', '^2.8.0' ]
230 verbose addNamed [ null, null ]
231 silly lockFile 648127de-gulp-responsive-2-8-0 gulp-responsive@^2.8.0
232 verbose lock gulp-responsive@^2.8.0 /Users/matteo/.npm/648127de-gulp-responsive-2-8-0.lock
233 verbose cache add [ 'gulp-sass@^3.1.0', null ]
234 verbose cache add name=undefined spec="gulp-sass@^3.1.0" args=["gulp-sass@^3.1.0",null]
235 verbose parsed url { protocol: null,
235 verbose parsed url   slashes: null,
235 verbose parsed url   auth: null,
235 verbose parsed url   host: null,
235 verbose parsed url   port: null,
235 verbose parsed url   hostname: null,
235 verbose parsed url   hash: null,
235 verbose parsed url   search: null,
235 verbose parsed url   query: null,
235 verbose parsed url   pathname: 'gulp-sass@^3.1.0',
235 verbose parsed url   path: 'gulp-sass@^3.1.0',
235 verbose parsed url   href: 'gulp-sass@^3.1.0' }
236 verbose cache add name="gulp-sass" spec="^3.1.0" args=["gulp-sass","^3.1.0"]
237 verbose parsed url { protocol: null,
237 verbose parsed url   slashes: null,
237 verbose parsed url   auth: null,
237 verbose parsed url   host: null,
237 verbose parsed url   port: null,
237 verbose parsed url   hostname: null,
237 verbose parsed url   hash: null,
237 verbose parsed url   search: null,
237 verbose parsed url   query: null,
237 verbose parsed url   pathname: '^3.1.0',
237 verbose parsed url   path: '^3.1.0',
237 verbose parsed url   href: '^3.1.0' }
238 verbose addNamed [ 'gulp-sass', '^3.1.0' ]
239 verbose addNamed [ null, null ]
240 silly lockFile fde615e5-gulp-sass-3-1-0 gulp-sass@^3.1.0
241 verbose lock gulp-sass@^3.1.0 /Users/matteo/.npm/fde615e5-gulp-sass-3-1-0.lock
242 verbose cache add [ 'gulp-size@^3.0.0', null ]
243 verbose cache add name=undefined spec="gulp-size@^3.0.0" args=["gulp-size@^3.0.0",null]
244 verbose parsed url { protocol: null,
244 verbose parsed url   slashes: null,
244 verbose parsed url   auth: null,
244 verbose parsed url   host: null,
244 verbose parsed url   port: null,
244 verbose parsed url   hostname: null,
244 verbose parsed url   hash: null,
244 verbose parsed url   search: null,
244 verbose parsed url   query: null,
244 verbose parsed url   pathname: 'gulp-size@^3.0.0',
244 verbose parsed url   path: 'gulp-size@^3.0.0',
244 verbose parsed url   href: 'gulp-size@^3.0.0' }
245 verbose cache add name="gulp-size" spec="^3.0.0" args=["gulp-size","^3.0.0"]
246 verbose parsed url { protocol: null,
246 verbose parsed url   slashes: null,
246 verbose parsed url   auth: null,
246 verbose parsed url   host: null,
246 verbose parsed url   port: null,
246 verbose parsed url   hostname: null,
246 verbose parsed url   hash: null,
246 verbose parsed url   search: null,
246 verbose parsed url   query: null,
246 verbose parsed url   pathname: '^3.0.0',
246 verbose parsed url   path: '^3.0.0',
246 verbose parsed url   href: '^3.0.0' }
247 verbose addNamed [ 'gulp-size', '^3.0.0' ]
248 verbose addNamed [ null, null ]
249 silly lockFile ad6e47aa-gulp-size-3-0-0 gulp-size@^3.0.0
250 verbose lock gulp-size@^3.0.0 /Users/matteo/.npm/ad6e47aa-gulp-size-3-0-0.lock
251 verbose cache add [ 'gulp-sourcemaps@^2.6.1', null ]
252 verbose cache add name=undefined spec="gulp-sourcemaps@^2.6.1" args=["gulp-sourcemaps@^2.6.1",null]
253 verbose parsed url { protocol: null,
253 verbose parsed url   slashes: null,
253 verbose parsed url   auth: null,
253 verbose parsed url   host: null,
253 verbose parsed url   port: null,
253 verbose parsed url   hostname: null,
253 verbose parsed url   hash: null,
253 verbose parsed url   search: null,
253 verbose parsed url   query: null,
253 verbose parsed url   pathname: 'gulp-sourcemaps@^2.6.1',
253 verbose parsed url   path: 'gulp-sourcemaps@^2.6.1',
253 verbose parsed url   href: 'gulp-sourcemaps@^2.6.1' }
254 verbose cache add name="gulp-sourcemaps" spec="^2.6.1" args=["gulp-sourcemaps","^2.6.1"]
255 verbose parsed url { protocol: null,
255 verbose parsed url   slashes: null,
255 verbose parsed url   auth: null,
255 verbose parsed url   host: null,
255 verbose parsed url   port: null,
255 verbose parsed url   hostname: null,
255 verbose parsed url   hash: null,
255 verbose parsed url   search: null,
255 verbose parsed url   query: null,
255 verbose parsed url   pathname: '^2.6.1',
255 verbose parsed url   path: '^2.6.1',
255 verbose parsed url   href: '^2.6.1' }
256 verbose addNamed [ 'gulp-sourcemaps', '^2.6.1' ]
257 verbose addNamed [ null, null ]
258 silly lockFile fdc163f2-gulp-sourcemaps-2-6-1 gulp-sourcemaps@^2.6.1
259 verbose lock gulp-sourcemaps@^2.6.1 /Users/matteo/.npm/fdc163f2-gulp-sourcemaps-2-6-1.lock
260 verbose cache add [ 'gulp-uglify@^3.0.0', null ]
261 verbose cache add name=undefined spec="gulp-uglify@^3.0.0" args=["gulp-uglify@^3.0.0",null]
262 verbose parsed url { protocol: null,
262 verbose parsed url   slashes: null,
262 verbose parsed url   auth: null,
262 verbose parsed url   host: null,
262 verbose parsed url   port: null,
262 verbose parsed url   hostname: null,
262 verbose parsed url   hash: null,
262 verbose parsed url   search: null,
262 verbose parsed url   query: null,
262 verbose parsed url   pathname: 'gulp-uglify@^3.0.0',
262 verbose parsed url   path: 'gulp-uglify@^3.0.0',
262 verbose parsed url   href: 'gulp-uglify@^3.0.0' }
263 verbose cache add name="gulp-uglify" spec="^3.0.0" args=["gulp-uglify","^3.0.0"]
264 verbose parsed url { protocol: null,
264 verbose parsed url   slashes: null,
264 verbose parsed url   auth: null,
264 verbose parsed url   host: null,
264 verbose parsed url   port: null,
264 verbose parsed url   hostname: null,
264 verbose parsed url   hash: null,
264 verbose parsed url   search: null,
264 verbose parsed url   query: null,
264 verbose parsed url   pathname: '^3.0.0',
264 verbose parsed url   path: '^3.0.0',
264 verbose parsed url   href: '^3.0.0' }
265 verbose addNamed [ 'gulp-uglify', '^3.0.0' ]
266 verbose addNamed [ null, null ]
267 silly lockFile e8e1520c-gulp-uglify-3-0-0 gulp-uglify@^3.0.0
268 verbose lock gulp-uglify@^3.0.0 /Users/matteo/.npm/e8e1520c-gulp-uglify-3-0-0.lock
269 verbose cache add [ 'sw-precache@^5.2.0', null ]
270 verbose cache add name=undefined spec="sw-precache@^5.2.0" args=["sw-precache@^5.2.0",null]
271 verbose parsed url { protocol: null,
271 verbose parsed url   slashes: null,
271 verbose parsed url   auth: null,
271 verbose parsed url   host: null,
271 verbose parsed url   port: null,
271 verbose parsed url   hostname: null,
271 verbose parsed url   hash: null,
271 verbose parsed url   search: null,
271 verbose parsed url   query: null,
271 verbose parsed url   pathname: 'sw-precache@^5.2.0',
271 verbose parsed url   path: 'sw-precache@^5.2.0',
271 verbose parsed url   href: 'sw-precache@^5.2.0' }
272 verbose cache add name="sw-precache" spec="^5.2.0" args=["sw-precache","^5.2.0"]
273 verbose parsed url { protocol: null,
273 verbose parsed url   slashes: null,
273 verbose parsed url   auth: null,
273 verbose parsed url   host: null,
273 verbose parsed url   port: null,
273 verbose parsed url   hostname: null,
273 verbose parsed url   hash: null,
273 verbose parsed url   search: null,
273 verbose parsed url   query: null,
273 verbose parsed url   pathname: '^5.2.0',
273 verbose parsed url   path: '^5.2.0',
273 verbose parsed url   href: '^5.2.0' }
274 verbose addNamed [ 'sw-precache', '^5.2.0' ]
275 verbose addNamed [ null, null ]
276 silly lockFile ff780a50-sw-precache-5-2-0 sw-precache@^5.2.0
277 verbose lock sw-precache@^5.2.0 /Users/matteo/.npm/ff780a50-sw-precache-5-2-0.lock
278 verbose cache add [ 'vinyl-buffer@^1.0.1', null ]
279 verbose cache add name=undefined spec="vinyl-buffer@^1.0.1" args=["vinyl-buffer@^1.0.1",null]
280 verbose parsed url { protocol: null,
280 verbose parsed url   slashes: null,
280 verbose parsed url   auth: null,
280 verbose parsed url   host: null,
280 verbose parsed url   port: null,
280 verbose parsed url   hostname: null,
280 verbose parsed url   hash: null,
280 verbose parsed url   search: null,
280 verbose parsed url   query: null,
280 verbose parsed url   pathname: 'vinyl-buffer@^1.0.1',
280 verbose parsed url   path: 'vinyl-buffer@^1.0.1',
280 verbose parsed url   href: 'vinyl-buffer@^1.0.1' }
281 verbose cache add name="vinyl-buffer" spec="^1.0.1" args=["vinyl-buffer","^1.0.1"]
282 verbose parsed url { protocol: null,
282 verbose parsed url   slashes: null,
282 verbose parsed url   auth: null,
282 verbose parsed url   host: null,
282 verbose parsed url   port: null,
282 verbose parsed url   hostname: null,
282 verbose parsed url   hash: null,
282 verbose parsed url   search: null,
282 verbose parsed url   query: null,
282 verbose parsed url   pathname: '^1.0.1',
282 verbose parsed url   path: '^1.0.1',
282 verbose parsed url   href: '^1.0.1' }
283 verbose addNamed [ 'vinyl-buffer', '^1.0.1' ]
284 verbose addNamed [ null, null ]
285 silly lockFile b19a35a7-vinyl-buffer-1-0-1 vinyl-buffer@^1.0.1
286 verbose lock vinyl-buffer@^1.0.1 /Users/matteo/.npm/b19a35a7-vinyl-buffer-1-0-1.lock
287 verbose cache add [ 'vinyl-source-stream@^2.0.0', null ]
288 verbose cache add name=undefined spec="vinyl-source-stream@^2.0.0" args=["vinyl-source-stream@^2.0.0",null]
289 verbose parsed url { protocol: null,
289 verbose parsed url   slashes: null,
289 verbose parsed url   auth: null,
289 verbose parsed url   host: null,
289 verbose parsed url   port: null,
289 verbose parsed url   hostname: null,
289 verbose parsed url   hash: null,
289 verbose parsed url   search: null,
289 verbose parsed url   query: null,
289 verbose parsed url   pathname: 'vinyl-source-stream@^2.0.0',
289 verbose parsed url   path: 'vinyl-source-stream@^2.0.0',
289 verbose parsed url   href: 'vinyl-source-stream@^2.0.0' }
290 verbose cache add name="vinyl-source-stream" spec="^2.0.0" args=["vinyl-source-stream","^2.0.0"]
291 verbose parsed url { protocol: null,
291 verbose parsed url   slashes: null,
291 verbose parsed url   auth: null,
291 verbose parsed url   host: null,
291 verbose parsed url   port: null,
291 verbose parsed url   hostname: null,
291 verbose parsed url   hash: null,
291 verbose parsed url   search: null,
291 verbose parsed url   query: null,
291 verbose parsed url   pathname: '^2.0.0',
291 verbose parsed url   path: '^2.0.0',
291 verbose parsed url   href: '^2.0.0' }
292 verbose addNamed [ 'vinyl-source-stream', '^2.0.0' ]
293 verbose addNamed [ null, null ]
294 silly lockFile 9a86364c-vinyl-source-stream-2-0-0 vinyl-source-stream@^2.0.0
295 verbose lock vinyl-source-stream@^2.0.0 /Users/matteo/.npm/9a86364c-vinyl-source-stream-2-0-0.lock
296 verbose cache add [ 'fg-loadcss@^1.3.1', null ]
297 verbose cache add name=undefined spec="fg-loadcss@^1.3.1" args=["fg-loadcss@^1.3.1",null]
298 verbose parsed url { protocol: null,
298 verbose parsed url   slashes: null,
298 verbose parsed url   auth: null,
298 verbose parsed url   host: null,
298 verbose parsed url   port: null,
298 verbose parsed url   hostname: null,
298 verbose parsed url   hash: null,
298 verbose parsed url   search: null,
298 verbose parsed url   query: null,
298 verbose parsed url   pathname: 'fg-loadcss@^1.3.1',
298 verbose parsed url   path: 'fg-loadcss@^1.3.1',
298 verbose parsed url   href: 'fg-loadcss@^1.3.1' }
299 verbose cache add name="fg-loadcss" spec="^1.3.1" args=["fg-loadcss","^1.3.1"]
300 verbose parsed url { protocol: null,
300 verbose parsed url   slashes: null,
300 verbose parsed url   auth: null,
300 verbose parsed url   host: null,
300 verbose parsed url   port: null,
300 verbose parsed url   hostname: null,
300 verbose parsed url   hash: null,
300 verbose parsed url   search: null,
300 verbose parsed url   query: null,
300 verbose parsed url   pathname: '^1.3.1',
300 verbose parsed url   path: '^1.3.1',
300 verbose parsed url   href: '^1.3.1' }
301 verbose addNamed [ 'fg-loadcss', '^1.3.1' ]
302 verbose addNamed [ null, null ]
303 silly lockFile f4d7c417-fg-loadcss-1-3-1 fg-loadcss@^1.3.1
304 verbose lock fg-loadcss@^1.3.1 /Users/matteo/.npm/f4d7c417-fg-loadcss-1-3-1.lock
305 verbose cache add [ 'jquery@^3.2.1', null ]
306 verbose cache add name=undefined spec="jquery@^3.2.1" args=["jquery@^3.2.1",null]
307 verbose parsed url { protocol: null,
307 verbose parsed url   slashes: null,
307 verbose parsed url   auth: null,
307 verbose parsed url   host: null,
307 verbose parsed url   port: null,
307 verbose parsed url   hostname: null,
307 verbose parsed url   hash: null,
307 verbose parsed url   search: null,
307 verbose parsed url   query: null,
307 verbose parsed url   pathname: 'jquery@^3.2.1',
307 verbose parsed url   path: 'jquery@^3.2.1',
307 verbose parsed url   href: 'jquery@^3.2.1' }
308 verbose cache add name="jquery" spec="^3.2.1" args=["jquery","^3.2.1"]
309 verbose parsed url { protocol: null,
309 verbose parsed url   slashes: null,
309 verbose parsed url   auth: null,
309 verbose parsed url   host: null,
309 verbose parsed url   port: null,
309 verbose parsed url   hostname: null,
309 verbose parsed url   hash: null,
309 verbose parsed url   search: null,
309 verbose parsed url   query: null,
309 verbose parsed url   pathname: '^3.2.1',
309 verbose parsed url   path: '^3.2.1',
309 verbose parsed url   href: '^3.2.1' }
310 verbose addNamed [ 'jquery', '^3.2.1' ]
311 verbose addNamed [ null, null ]
312 silly lockFile 14f8c6b5-jquery-3-2-1 jquery@^3.2.1
313 verbose lock jquery@^3.2.1 /Users/matteo/.npm/14f8c6b5-jquery-3-2-1.lock
314 silly addNameRange { name: 'babel-core', range: '*', hasData: false }
315 verbose url raw picturefill
316 verbose url resolving [ 'https://registry.npmjs.org/', './picturefill' ]
317 verbose url resolved https://registry.npmjs.org/picturefill
318 info trying registry request attempt 1 at 02:28:19
319 http GET https://registry.npmjs.org/picturefill
320 verbose url raw normalize.css
321 verbose url resolving [ 'https://registry.npmjs.org/', './normalize.css' ]
322 verbose url resolved https://registry.npmjs.org/normalize.css
323 info trying registry request attempt 1 at 02:28:19
324 http GET https://registry.npmjs.org/normalize.css
325 verbose url raw velocity-animate
326 verbose url resolving [ 'https://registry.npmjs.org/', './velocity-animate' ]
327 verbose url resolved https://registry.npmjs.org/velocity-animate
328 info trying registry request attempt 1 at 02:28:19
329 http GET https://registry.npmjs.org/velocity-animate
330 silly addNameRange { name: 'browser-sync', range: '*', hasData: false }
331 silly addNameRange { name: 'babel-preset-es2015', range: '*', hasData: false }
332 silly addNameRange { name: 'babelify', range: '*', hasData: false }
333 silly addNameRange { name: 'browserify', range: '*', hasData: false }
334 silly addNameRange { name: 'critical', range: '*', hasData: false }
335 silly addNameRange { name: 'eslint', range: '*', hasData: false }
336 silly addNameRange { name: 'eslint-config-jquery', range: '*', hasData: false }
337 silly addNameRange { name: 'eslint-plugin-dollar-sign', range: '*', hasData: false }
338 silly addNameRange { name: 'eslint-plugin-jquery', range: '*', hasData: false }
339 silly addNameRange { name: 'gulp', range: '*', hasData: false }
340 silly addNameRange { name: 'gulp-autoprefixer', range: '*', hasData: false }
341 silly addNameRange { name: 'gulp-clean', range: '*', hasData: false }
342 silly addNameRange { name: 'gulp-gh-pages', range: '*', hasData: false }
343 silly addNameRange { name: 'gulp-htmlmin', range: '*', hasData: false }
344 silly addNameRange { name: 'gulp-imagemin', range: '*', hasData: false }
345 silly addNameRange { name: 'gulp-load-plugins', range: '*', hasData: false }
346 silly addNameRange { name: 'gulp-notify', range: '*', hasData: false }
347 silly addNameRange { name: 'gulp-rename', range: '*', hasData: false }
348 silly addNameRange { name: 'gulp-responsive', range: '*', hasData: false }
349 silly addNameRange { name: 'gulp-sass', range: '*', hasData: false }
350 silly addNameRange { name: 'gulp-size', range: '*', hasData: false }
351 silly addNameRange { name: 'gulp-sourcemaps', range: '*', hasData: false }
352 silly addNameRange { name: 'gulp-uglify', range: '*', hasData: false }
353 silly addNameRange { name: 'sw-precache', range: '*', hasData: false }
354 silly addNameRange { name: 'vinyl-buffer', range: '*', hasData: false }
355 silly addNameRange { name: 'vinyl-source-stream', range: '*', hasData: false }
356 silly addNameRange { name: 'fg-loadcss', range: '*', hasData: false }
357 silly addNameRange { name: 'jquery', range: '*', hasData: false }
358 verbose url raw babel-core
359 verbose url resolving [ 'https://registry.npmjs.org/', './babel-core' ]
360 verbose url resolved https://registry.npmjs.org/babel-core
361 info trying registry request attempt 1 at 02:28:19
362 http GET https://registry.npmjs.org/babel-core
363 verbose url raw browser-sync
364 verbose url resolving [ 'https://registry.npmjs.org/', './browser-sync' ]
365 verbose url resolved https://registry.npmjs.org/browser-sync
366 info trying registry request attempt 1 at 02:28:19
367 http GET https://registry.npmjs.org/browser-sync
368 verbose url raw babel-preset-es2015
369 verbose url resolving [ 'https://registry.npmjs.org/', './babel-preset-es2015' ]
370 verbose url resolved https://registry.npmjs.org/babel-preset-es2015
371 info trying registry request attempt 1 at 02:28:19
372 http GET https://registry.npmjs.org/babel-preset-es2015
373 verbose url raw browserify
374 verbose url resolving [ 'https://registry.npmjs.org/', './browserify' ]
375 verbose url resolved https://registry.npmjs.org/browserify
376 info trying registry request attempt 1 at 02:28:19
377 http GET https://registry.npmjs.org/browserify
378 verbose url raw babelify
379 verbose url resolving [ 'https://registry.npmjs.org/', './babelify' ]
380 verbose url resolved https://registry.npmjs.org/babelify
381 info trying registry request attempt 1 at 02:28:19
382 http GET https://registry.npmjs.org/babelify
383 verbose url raw critical
384 verbose url resolving [ 'https://registry.npmjs.org/', './critical' ]
385 verbose url resolved https://registry.npmjs.org/critical
386 info trying registry request attempt 1 at 02:28:19
387 http GET https://registry.npmjs.org/critical
388 verbose url raw eslint
389 verbose url resolving [ 'https://registry.npmjs.org/', './eslint' ]
390 verbose url resolved https://registry.npmjs.org/eslint
391 info trying registry request attempt 1 at 02:28:19
392 http GET https://registry.npmjs.org/eslint
393 verbose url raw eslint-config-jquery
394 verbose url resolving [ 'https://registry.npmjs.org/', './eslint-config-jquery' ]
395 verbose url resolved https://registry.npmjs.org/eslint-config-jquery
396 info trying registry request attempt 1 at 02:28:19
397 http GET https://registry.npmjs.org/eslint-config-jquery
398 verbose url raw eslint-plugin-dollar-sign
399 verbose url resolving [ 'https://registry.npmjs.org/', './eslint-plugin-dollar-sign' ]
400 verbose url resolved https://registry.npmjs.org/eslint-plugin-dollar-sign
401 info trying registry request attempt 1 at 02:28:19
402 http GET https://registry.npmjs.org/eslint-plugin-dollar-sign
403 verbose url raw eslint-plugin-jquery
404 verbose url resolving [ 'https://registry.npmjs.org/', './eslint-plugin-jquery' ]
405 verbose url resolved https://registry.npmjs.org/eslint-plugin-jquery
406 info trying registry request attempt 1 at 02:28:19
407 http GET https://registry.npmjs.org/eslint-plugin-jquery
408 verbose url raw gulp
409 verbose url resolving [ 'https://registry.npmjs.org/', './gulp' ]
410 verbose url resolved https://registry.npmjs.org/gulp
411 info trying registry request attempt 1 at 02:28:19
412 http GET https://registry.npmjs.org/gulp
413 verbose url raw gulp-autoprefixer
414 verbose url resolving [ 'https://registry.npmjs.org/', './gulp-autoprefixer' ]
415 verbose url resolved https://registry.npmjs.org/gulp-autoprefixer
416 info trying registry request attempt 1 at 02:28:19
417 http GET https://registry.npmjs.org/gulp-autoprefixer
418 verbose url raw gulp-clean
419 verbose url resolving [ 'https://registry.npmjs.org/', './gulp-clean' ]
420 verbose url resolved https://registry.npmjs.org/gulp-clean
421 info trying registry request attempt 1 at 02:28:19
422 http GET https://registry.npmjs.org/gulp-clean
423 verbose url raw gulp-gh-pages
424 verbose url resolving [ 'https://registry.npmjs.org/', './gulp-gh-pages' ]
425 verbose url resolved https://registry.npmjs.org/gulp-gh-pages
426 info trying registry request attempt 1 at 02:28:19
427 http GET https://registry.npmjs.org/gulp-gh-pages
428 verbose url raw gulp-htmlmin
429 verbose url resolving [ 'https://registry.npmjs.org/', './gulp-htmlmin' ]
430 verbose url resolved https://registry.npmjs.org/gulp-htmlmin
431 info trying registry request attempt 1 at 02:28:19
432 http GET https://registry.npmjs.org/gulp-htmlmin
433 verbose url raw gulp-imagemin
434 verbose url resolving [ 'https://registry.npmjs.org/', './gulp-imagemin' ]
435 verbose url resolved https://registry.npmjs.org/gulp-imagemin
436 info trying registry request attempt 1 at 02:28:19
437 http GET https://registry.npmjs.org/gulp-imagemin
438 verbose url raw gulp-load-plugins
439 verbose url resolving [ 'https://registry.npmjs.org/', './gulp-load-plugins' ]
440 verbose url resolved https://registry.npmjs.org/gulp-load-plugins
441 info trying registry request attempt 1 at 02:28:19
442 http GET https://registry.npmjs.org/gulp-load-plugins
443 verbose url raw gulp-notify
444 verbose url resolving [ 'https://registry.npmjs.org/', './gulp-notify' ]
445 verbose url resolved https://registry.npmjs.org/gulp-notify
446 info trying registry request attempt 1 at 02:28:19
447 http GET https://registry.npmjs.org/gulp-notify
448 verbose url raw gulp-rename
449 verbose url resolving [ 'https://registry.npmjs.org/', './gulp-rename' ]
450 verbose url resolved https://registry.npmjs.org/gulp-rename
451 info trying registry request attempt 1 at 02:28:19
452 http GET https://registry.npmjs.org/gulp-rename
453 verbose url raw gulp-responsive
454 verbose url resolving [ 'https://registry.npmjs.org/', './gulp-responsive' ]
455 verbose url resolved https://registry.npmjs.org/gulp-responsive
456 info trying registry request attempt 1 at 02:28:19
457 http GET https://registry.npmjs.org/gulp-responsive
458 verbose url raw gulp-sass
459 verbose url resolving [ 'https://registry.npmjs.org/', './gulp-sass' ]
460 verbose url resolved https://registry.npmjs.org/gulp-sass
461 info trying registry request attempt 1 at 02:28:19
462 http GET https://registry.npmjs.org/gulp-sass
463 verbose url raw gulp-size
464 verbose url resolving [ 'https://registry.npmjs.org/', './gulp-size' ]
465 verbose url resolved https://registry.npmjs.org/gulp-size
466 info trying registry request attempt 1 at 02:28:19
467 http GET https://registry.npmjs.org/gulp-size
468 verbose url raw gulp-sourcemaps
469 verbose url resolving [ 'https://registry.npmjs.org/', './gulp-sourcemaps' ]
470 verbose url resolved https://registry.npmjs.org/gulp-sourcemaps
471 info trying registry request attempt 1 at 02:28:19
472 http GET https://registry.npmjs.org/gulp-sourcemaps
473 verbose url raw gulp-uglify
474 verbose url resolving [ 'https://registry.npmjs.org/', './gulp-uglify' ]
475 verbose url resolved https://registry.npmjs.org/gulp-uglify
476 info trying registry request attempt 1 at 02:28:19
477 http GET https://registry.npmjs.org/gulp-uglify
478 verbose url raw sw-precache
479 verbose url resolving [ 'https://registry.npmjs.org/', './sw-precache' ]
480 verbose url resolved https://registry.npmjs.org/sw-precache
481 info trying registry request attempt 1 at 02:28:19
482 http GET https://registry.npmjs.org/sw-precache
483 verbose url raw vinyl-buffer
484 verbose url resolving [ 'https://registry.npmjs.org/', './vinyl-buffer' ]
485 verbose url resolved https://registry.npmjs.org/vinyl-buffer
486 info trying registry request attempt 1 at 02:28:19
487 http GET https://registry.npmjs.org/vinyl-buffer
488 verbose url raw vinyl-source-stream
489 verbose url resolving [ 'https://registry.npmjs.org/', './vinyl-source-stream' ]
490 verbose url resolved https://registry.npmjs.org/vinyl-source-stream
491 info trying registry request attempt 1 at 02:28:19
492 http GET https://registry.npmjs.org/vinyl-source-stream
493 verbose url raw fg-loadcss
494 verbose url resolving [ 'https://registry.npmjs.org/', './fg-loadcss' ]
495 verbose url resolved https://registry.npmjs.org/fg-loadcss
496 info trying registry request attempt 1 at 02:28:19
497 http GET https://registry.npmjs.org/fg-loadcss
498 verbose url raw jquery
499 verbose url resolving [ 'https://registry.npmjs.org/', './jquery' ]
500 verbose url resolved https://registry.npmjs.org/jquery
501 info trying registry request attempt 1 at 02:28:19
502 http GET https://registry.npmjs.org/jquery
503 info retry will retry, error on last attempt: Error: CERT_UNTRUSTED
504 info retry will retry, error on last attempt: Error: CERT_UNTRUSTED
505 info retry will retry, error on last attempt: Error: CERT_UNTRUSTED
506 info retry will retry, error on last attempt: Error: CERT_UNTRUSTED
507 info retry will retry, error on last attempt: Error: CERT_UNTRUSTED
508 info retry will retry, error on last attempt: Error: CERT_UNTRUSTED
509 info retry will retry, error on last attempt: Error: CERT_UNTRUSTED
510 info retry will retry, error on last attempt: Error: CERT_UNTRUSTED
511 info retry will retry, error on last attempt: Error: CERT_UNTRUSTED
512 info retry will retry, error on last attempt: Error: CERT_UNTRUSTED
513 info retry will retry, error on last attempt: Error: CERT_UNTRUSTED
514 info retry will retry, error on last attempt: Error: CERT_UNTRUSTED
515 info retry will retry, error on last attempt: Error: CERT_UNTRUSTED
516 info retry will retry, error on last attempt: Error: CERT_UNTRUSTED
517 info retry will retry, error on last attempt: Error: CERT_UNTRUSTED
518 info retry will retry, error on last attempt: Error: CERT_UNTRUSTED
519 info retry will retry, error on last attempt: Error: CERT_UNTRUSTED
520 info retry will retry, error on last attempt: Error: CERT_UNTRUSTED
521 info retry will retry, error on last attempt: Error: CERT_UNTRUSTED
522 info retry will retry, error on last attempt: Error: CERT_UNTRUSTED
523 info retry will retry, error on last attempt: Error: CERT_UNTRUSTED
524 info retry will retry, error on last attempt: Error: CERT_UNTRUSTED
525 info retry will retry, error on last attempt: Error: CERT_UNTRUSTED
526 info retry will retry, error on last attempt: Error: CERT_UNTRUSTED
527 info retry will retry, error on last attempt: Error: CERT_UNTRUSTED
528 info retry will retry, error on last attempt: Error: CERT_UNTRUSTED
529 info retry will retry, error on last attempt: Error: CERT_UNTRUSTED
530 info retry will retry, error on last attempt: Error: CERT_UNTRUSTED
531 info retry will retry, error on last attempt: Error: CERT_UNTRUSTED
532 info retry will retry, error on last attempt: Error: CERT_UNTRUSTED
533 info retry will retry, error on last attempt: Error: CERT_UNTRUSTED
534 info retry will retry, error on last attempt: Error: CERT_UNTRUSTED
535 info retry will retry, error on last attempt: Error: CERT_UNTRUSTED
536 info trying registry request attempt 2 at 02:28:30
537 http GET https://registry.npmjs.org/normalize.css
538 info trying registry request attempt 2 at 02:28:30
539 http GET https://registry.npmjs.org/picturefill
540 info trying registry request attempt 2 at 02:28:30
541 http GET https://registry.npmjs.org/lazysizes
542 info trying registry request attempt 2 at 02:28:30
543 http GET https://registry.npmjs.org/velocity-animate
544 info trying registry request attempt 2 at 02:28:30
545 http GET https://registry.npmjs.org/babel-core
546 info trying registry request attempt 2 at 02:28:30
547 http GET https://registry.npmjs.org/browser-sync
548 info trying registry request attempt 2 at 02:28:30
549 http GET https://registry.npmjs.org/babel-preset-es2015
550 info trying registry request attempt 2 at 02:28:30
551 http GET https://registry.npmjs.org/browserify
552 info retry will retry, error on last attempt: Error: CERT_UNTRUSTED
553 info retry will retry, error on last attempt: Error: CERT_UNTRUSTED
554 info trying registry request attempt 2 at 02:28:30
555 http GET https://registry.npmjs.org/babelify
556 info retry will retry, error on last attempt: Error: CERT_UNTRUSTED
557 info trying registry request attempt 2 at 02:28:30
558 http GET https://registry.npmjs.org/critical
559 info retry will retry, error on last attempt: Error: CERT_UNTRUSTED
560 info retry will retry, error on last attempt: Error: CERT_UNTRUSTED
561 info trying registry request attempt 2 at 02:28:30
562 http GET https://registry.npmjs.org/eslint
563 info trying registry request attempt 2 at 02:28:30
564 http GET https://registry.npmjs.org/eslint-config-jquery
565 info retry will retry, error on last attempt: Error: CERT_UNTRUSTED
566 info trying registry request attempt 2 at 02:28:30
567 http GET https://registry.npmjs.org/eslint-plugin-dollar-sign
568 info retry will retry, error on last attempt: Error: CERT_UNTRUSTED
569 info trying registry request attempt 2 at 02:28:30
570 http GET https://registry.npmjs.org/eslint-plugin-jquery
571 info retry will retry, error on last attempt: Error: CERT_UNTRUSTED
572 info trying registry request attempt 2 at 02:28:30
573 http GET https://registry.npmjs.org/gulp
574 info retry will retry, error on last attempt: Error: CERT_UNTRUSTED
575 info retry will retry, error on last attempt: Error: CERT_UNTRUSTED
576 info trying registry request attempt 2 at 02:28:30
577 http GET https://registry.npmjs.org/gulp-autoprefixer
578 info trying registry request attempt 2 at 02:28:30
579 http GET https://registry.npmjs.org/gulp-clean
580 info retry will retry, error on last attempt: Error: CERT_UNTRUSTED
581 info trying registry request attempt 2 at 02:28:30
582 http GET https://registry.npmjs.org/gulp-gh-pages
583 info retry will retry, error on last attempt: Error: CERT_UNTRUSTED
584 info trying registry request attempt 2 at 02:28:30
585 http GET https://registry.npmjs.org/gulp-htmlmin
586 info retry will retry, error on last attempt: Error: CERT_UNTRUSTED
587 info trying registry request attempt 2 at 02:28:30
588 http GET https://registry.npmjs.org/gulp-imagemin
589 info retry will retry, error on last attempt: Error: CERT_UNTRUSTED
590 info retry will retry, error on last attempt: Error: CERT_UNTRUSTED
591 info trying registry request attempt 2 at 02:28:30
592 http GET https://registry.npmjs.org/gulp-load-plugins
593 info trying registry request attempt 2 at 02:28:30
594 http GET https://registry.npmjs.org/gulp-notify
595 info retry will retry, error on last attempt: Error: CERT_UNTRUSTED
596 info trying registry request attempt 2 at 02:28:30
597 http GET https://registry.npmjs.org/gulp-rename
598 info retry will retry, error on last attempt: Error: CERT_UNTRUSTED
599 info retry will retry, error on last attempt: Error: CERT_UNTRUSTED
600 info trying registry request attempt 2 at 02:28:30
601 http GET https://registry.npmjs.org/gulp-responsive
602 info trying registry request attempt 2 at 02:28:30
603 http GET https://registry.npmjs.org/gulp-sass
604 info retry will retry, error on last attempt: Error: CERT_UNTRUSTED
605 info retry will retry, error on last attempt: Error: CERT_UNTRUSTED
606 info trying registry request attempt 2 at 02:28:30
607 http GET https://registry.npmjs.org/gulp-size
608 info trying registry request attempt 2 at 02:28:30
609 http GET https://registry.npmjs.org/gulp-sourcemaps
610 info trying registry request attempt 2 at 02:28:30
611 http GET https://registry.npmjs.org/gulp-uglify
612 info retry will retry, error on last attempt: Error: CERT_UNTRUSTED
613 info retry will retry, error on last attempt: Error: CERT_UNTRUSTED
614 info retry will retry, error on last attempt: Error: CERT_UNTRUSTED
615 info trying registry request attempt 2 at 02:28:30
616 http GET https://registry.npmjs.org/sw-precache
617 info trying registry request attempt 2 at 02:28:30
618 http GET https://registry.npmjs.org/vinyl-buffer
619 info retry will retry, error on last attempt: Error: CERT_UNTRUSTED
620 info retry will retry, error on last attempt: Error: CERT_UNTRUSTED
621 info trying registry request attempt 2 at 02:28:31
622 http GET https://registry.npmjs.org/vinyl-source-stream
623 info trying registry request attempt 2 at 02:28:31
624 http GET https://registry.npmjs.org/fg-loadcss
625 info trying registry request attempt 2 at 02:28:31
626 http GET https://registry.npmjs.org/jquery
627 info retry will retry, error on last attempt: Error: CERT_UNTRUSTED
628 info retry will retry, error on last attempt: Error: CERT_UNTRUSTED
629 info retry will retry, error on last attempt: Error: CERT_UNTRUSTED
630 info retry will retry, error on last attempt: Error: CERT_UNTRUSTED
631 info retry will retry, error on last attempt: Error: CERT_UNTRUSTED
632 info retry will retry, error on last attempt: Error: CERT_UNTRUSTED
633 info retry will retry, error on last attempt: Error: CERT_UNTRUSTED
634 info retry will retry, error on last attempt: Error: CERT_UNTRUSTED
635 info trying registry request attempt 3 at 02:29:30
636 http GET https://registry.npmjs.org/normalize.css
637 info trying registry request attempt 3 at 02:29:30
638 http GET https://registry.npmjs.org/picturefill
639 info trying registry request attempt 3 at 02:29:30
640 http GET https://registry.npmjs.org/lazysizes
641 info trying registry request attempt 3 at 02:29:30
642 http GET https://registry.npmjs.org/velocity-animate
643 info trying registry request attempt 3 at 02:29:30
644 http GET https://registry.npmjs.org/babel-core
645 info trying registry request attempt 3 at 02:29:30
646 http GET https://registry.npmjs.org/browser-sync
647 silly lockFile 24735a62-normalize-css-7-0-0 normalize.css@^7.0.0
648 silly lockFile 24735a62-normalize-css-7-0-0 normalize.css@^7.0.0
649 info trying registry request attempt 3 at 02:29:30
650 http GET https://registry.npmjs.org/babel-preset-es2015
651 error Error: CERT_UNTRUSTED
651 error     at SecurePair.<anonymous> (tls.js:1349:32)
651 error     at SecurePair.EventEmitter.emit (events.js:92:17)
651 error     at SecurePair.maybeInitFinished (tls.js:962:10)
651 error     at CleartextStream.read [as _read] (tls.js:463:15)
651 error     at CleartextStream.Readable.read (_stream_readable.js:320:10)
651 error     at EncryptedStream.write [as _write] (tls.js:366:25)
651 error     at doWrite (_stream_writable.js:219:10)
651 error     at writeOrBuffer (_stream_writable.js:209:5)
651 error     at EncryptedStream.Writable.write (_stream_writable.js:180:11)
651 error     at write (_stream_readable.js:573:24)
651 error     at flow (_stream_readable.js:582:7)
651 error     at Socket.pipeOnReadable (_stream_readable.js:614:5)
652 error If you need help, you may report this log at:
652 error     <http://github.com/isaacs/npm/issues>
652 error or email it to:
652 error     <npm-@googlegroups.com>
653 error System Darwin 17.5.0
654 error command "node" "/usr/local/bin/npm" "install"
655 error cwd /Users/matteo/Desktop/D-site/D-site
656 error node -v v0.10.13
657 error npm -v 1.3.2
658 verbose exit [ 1, true ]
